2024-02-08 10:02:44,892 [Worker-0: Loading available Gradle versions] INFO  o.e.b.c.i.u.g.PublishedGradleVersions - Gradle version information cache is out-of-date. Trying to update.
2024-02-08 10:17:35,995 [Worker-22: https://download.eclipse.org/oomph/updates/milestone/latest/compositeArtifacts.jar] INFO  o.a.h.c.h.i.c.HttpRequestRetryExec - Recoverable I/O exception (java.net.SocketException) caught when processing request to {s}->https://download.eclipse.org:443
2024-02-08 10:18:42,763 [Worker-0: Loading available Gradle versions] INFO  o.e.b.c.i.u.g.PublishedGradleVersions - Gradle version information cache is up-to-date. Trying to read.
2024-02-08 12:08:59,899 [Worker-23: https://download.eclipse.org/releases/2023-03/202303151000/artifacts.xml.xz] INFO  o.a.h.c.h.i.c.HttpRequestRetryExec - Recoverable I/O exception (java.net.SocketException) caught when processing request to {s}->https://download.eclipse.org:443
2024-02-08 12:09:44,227 [Worker-2: Loading available Gradle versions] INFO  o.e.b.c.i.u.g.PublishedGradleVersions - Gradle version information cache is up-to-date. Trying to read.
2024-02-08 12:10:37,028 [Start Help Server] INFO  org.eclipse.jetty.server.Server - jetty-10.0.13; built: 2022-12-07T20:13:20.134Z; git: 1c2636ea05c0ca8de1ffd6ca7f3a98ac084c766d; jvm 17.0.8+9-LTS-211
2024-02-08 12:10:37,112 [Start Help Server] INFO  o.e.j.s.s.DefaultSessionIdManager - Session workerName=node0
2024-02-08 12:10:37,229 [Start Help Server] INFO  o.e.j.server.handler.ContextHandler - Started o.e.j.s.ServletContextHandler@4548f593{/help,null,AVAILABLE}
2024-02-08 12:10:37,290 [Start Help Server] INFO  o.e.jetty.server.AbstractConnector - Started ServerConnector@17cfc45f{HTTP/1.1, (http/1.1)}{127.0.0.1:50091}
2024-02-08 12:10:37,343 [Start Help Server] INFO  org.eclipse.jetty.server.Server - Started Server@537816e7{STARTING}[10.0.13,sto=0] @96013ms
2024-02-08 12:12:51,187 [Stop Help Server] INFO  org.eclipse.jetty.server.Server - Stopped Server@537816e7{STOPPING}[10.0.13,sto=0]
2024-02-08 12:12:51,197 [Stop Help Server] INFO  o.e.jetty.server.AbstractConnector - Stopped ServerConnector@17cfc45f{HTTP/1.1, (http/1.1)}{127.0.0.1:0}
2024-02-08 12:12:51,279 [Stop Help Server] INFO  o.e.j.server.handler.ContextHandler - Stopped o.e.j.s.ServletContextHandler@4548f593{/help,null,STOPPED}
2024-02-08 12:13:39,390 [Worker-1: Loading available Gradle versions] INFO  o.e.b.c.i.u.g.PublishedGradleVersions - Gradle version information cache is up-to-date. Trying to read.
2024-02-08 12:16:29,384 [Worker-10: http://download.eclipse.org/releases/indigo/compositeArtifacts.jar] INFO  o.a.h.c.h.i.c.HttpRequestRetryExec - Recoverable I/O exception (java.net.SocketException) caught when processing request to {}->http://download.eclipse.org:80
2024-02-08 12:18:36,261 [Worker-4: Loading available Gradle versions] INFO  o.e.b.c.i.u.g.PublishedGradleVersions - Gradle version information cache is up-to-date. Trying to read.
2024-02-08 12:25:56,677 [Worker-36: https://ftp.kaist.ac.kr/eclipse/releases/2023-12/202312061001/plugins/junit-platform-runner_1.10.1.jar] INFO  o.a.h.c.h.i.c.HttpRequestRetryExec - Recoverable I/O exception (java.net.SocketException) caught when processing request to {s}->https://ftp.kaist.ac.kr:443
2024-02-08 12:25:56,685 [Worker-26: https://ftp.kaist.ac.kr/eclipse/releases/2023-12/202312061001/plugins/junit-platform-commons_1.10.1.jar] INFO  o.a.h.c.h.i.c.HttpRequestRetryExec - Recoverable I/O exception (java.net.SocketException) caught when processing request to {s}->https://ftp.kaist.ac.kr:443
2024-02-08 12:25:56,992 [Worker-37: https://ftp.kaist.ac.kr/eclipse/releases/2023-12/202312061001/plugins/junit-platform-suite-api_1.10.1.jar] INFO  o.a.h.c.h.i.c.HttpRequestRetryExec - Recoverable I/O exception (java.net.SocketException) caught when processing request to {s}->https://ftp.kaist.ac.kr:443
2024-02-08 12:38:37,784 [Worker-2: Loading available Gradle versions] INFO  o.e.b.c.i.u.g.PublishedGradleVersions - Gradle version information cache is up-to-date. Trying to read.
2024-02-08 13:54:14,139 [Worker-0: Loading available Gradle versions] INFO  o.e.b.c.i.u.g.PublishedGradleVersions - Gradle version information cache is up-to-date. Trying to read.
2024-02-09 21:08:24,372 [Worker-0: Loading available Gradle versions] INFO  o.e.b.c.i.u.g.PublishedGradleVersions - Gradle version information cache is out-of-date. Trying to update.
2024-02-10 14:35:47,347 [Worker-1: Loading available Gradle versions] INFO  o.e.b.c.i.u.g.PublishedGradleVersions - Gradle version information cache is up-to-date. Trying to read.
2024-02-14 00:37:18,891 [Worker-1: Loading available Gradle versions] INFO  o.e.b.c.i.u.g.PublishedGradleVersions - Gradle version information cache is out-of-date. Trying to update.
2024-02-14 00:37:37,788 [Worker-1: Deferred Early Start] INFO  o.a.h.c.h.i.c.HttpRequestRetryExec - Recoverable I/O exception (java.net.SocketException) caught when processing request to {s}->https://www.eclipse.org:443
2024-02-14 10:58:30,683 [Worker-1: Loading available Gradle versions] INFO  o.e.b.c.i.u.g.PublishedGradleVersions - Gradle version information cache is up-to-date. Trying to read.
2024-02-14 17:43:58,996 [Worker-2: Loading available Gradle versions] INFO  o.e.b.c.i.u.g.PublishedGradleVersions - Gradle version information cache is up-to-date. Trying to read.
2024-02-15 00:13:55,439 [Worker-2: Loading available Gradle versions] INFO  o.e.b.c.i.u.g.PublishedGradleVersions - Gradle version information cache is up-to-date. Trying to read.
2024-02-15 10:26:51,006 [Worker-2: Loading available Gradle versions] INFO  o.e.b.c.i.u.g.PublishedGradleVersions - Gradle version information cache is out-of-date. Trying to update.
2024-03-16 18:22:12,963 [Worker-4: Loading available Gradle versions] INFO  o.e.b.c.i.u.g.PublishedGradleVersions - Gradle version information cache is out-of-date. Trying to update.
2024-03-17 10:10:41,366 [Worker-2: Loading available Gradle versions] INFO  o.e.b.c.i.u.g.PublishedGradleVersions - Gradle version information cache is up-to-date. Trying to read.
